<?xml version="1.0" encoding="UTF-8"?>
<testng-results skipped="1" failed="1" ignored="0" total="5" passed="3">
  <reporter-output>
    <line>
      <![CDATA[P Navigated to https://opensource-demo.orangehrmlive.com/ <br>]]>
    </line>
    <line>
      <![CDATA[P Navigated to https://opensource-demo.orangehrmlive.com/ <br>]]>
    </line>
    <line>
      <![CDATA[P LoginPage has been successfully loaded <br>]]>
    </line>
    <line>
      <![CDATA[P LoginPage has been successfully loaded <br>]]>
    </line>
    <line>
      <![CDATA[P Clicked on the element by locator: -> xpath: //input[@id='btnLogin']]<br>]]>
    </line>
    <line>
      <![CDATA[P Clicked on the element by locator: -> xpath: //input[@id='btnLogin']]<br>]]>
    </line>
    <line>
      <![CDATA[P Text Matched by locator:By.xpath: //span[@id='spanMessage']. Expected -Username cannot be empty, Actual -Username cannot be empty<br>]]>
    </line>
    <line>
      <![CDATA[P TestCase executed successfully:TestName=TC001_blankUserNamePassword ; TestResult=PASS<br>]]>
    </line>
    <line>
      <![CDATA[P Text Matched by locator:By.xpath: //span[@id='spanMessage']. Expected -Username cannot be empty, Actual -Username cannot be empty<br>]]>
    </line>
    <line>
      <![CDATA[P TestCase executed successfully:TestName=TC002_blankUserName ; TestResult=PASS<br>]]>
    </line>
    <line>
      <![CDATA[P Navigated to https://opensource-demo.orangehrmlive.com/ <br>]]>
    </line>
    <line>
      <![CDATA[P Navigated to https://opensource-demo.orangehrmlive.com/ <br>]]>
    </line>
    <line>
      <![CDATA[P LoginPage has been successfully loaded <br>]]>
    </line>
    <line>
      <![CDATA[P LoginPage has been successfully loaded <br>]]>
    </line>
    <line>
      <![CDATA[P Value Matched by locator:By.xpath: //input[@id='btnLogin']. Expected -LOGIN, Actual -LOGIN<br>]]>
    </line>
    <line>
      <![CDATA[P Clicked on the element by locator: -> xpath: //input[@id='btnLogin']]<br>]]>
    </line>
    <line>
      <![CDATA[P Clicked on the element by locator: -> xpath: //input[@id='btnLogin']]<br>]]>
    </line>
    <line>
      <![CDATA[F Text Mismatched by locator:By.xpath: //span[@id='spanMessage'].  Expected -Password cannot be empty, Actual -Username cannot be empty<br>]]>
    </line>
    <line>
      <![CDATA[P TestCase executed successfully:TestName=TC003_blankPassword ; TestResult=PASS<br>]]>
    </line>
  </reporter-output>
  <suite name="Suite" duration-ms="36587" started-at="2020-04-12T14:34:45Z" finished-at="2020-04-12T14:35:21Z">
    <groups>
    </groups>
    <test name="Test" duration-ms="36587" started-at="2020-04-12T14:34:45Z" finished-at="2020-04-12T14:35:21Z">
      <class name="com.OrangeCrm.automation.testCases.LoginTest">
        <test-method status="PASS" signature="initialization()[pri:0, instance:com.OrangeCrm.automation.testCases.LoginTest@f6c48ac]" name="initialization" is-config="true" duration-ms="5866" started-at="2020-04-12T20:04:45Z" finished-at="2020-04-12T20:04:51Z">
          <reporter-output>
          </reporter-output>
        </test-method> <!-- initialization -->
        <test-method status="PASS" signature="initialization()[pri:0, instance:com.OrangeCrm.automation.testCases.LoginTest@f6c48ac]" name="initialization" is-config="true" duration-ms="5850" started-at="2020-04-12T20:04:45Z" finished-at="2020-04-12T20:04:51Z">
          <reporter-output>
          </reporter-output>
        </test-method> <!-- initialization -->
        <test-method status="PASS" signature="TC002_blankUserName()[pri:0, instance:com.OrangeCrm.automation.testCases.LoginTest@f6c48ac]" name="TC002_blankUserName" duration-ms="6996" started-at="2020-04-12T20:04:51Z" finished-at="2020-04-12T20:04:58Z">
          <reporter-output>
            <line>
              <![CDATA[P Navigated to https://opensource-demo.orangehrmlive.com/ <br>]]>
            </line>
            <line>
              <![CDATA[P LoginPage has been successfully loaded <br>]]>
            </line>
            <line>
              <![CDATA[P Clicked on the element by locator: -> xpath: //input[@id='btnLogin']]<br>]]>
            </line>
            <line>
              <![CDATA[P Text Matched by locator:By.xpath: //span[@id='spanMessage']. Expected -Username cannot be empty, Actual -Username cannot be empty<br>]]>
            </line>
            <line>
              <![CDATA[P TestCase executed successfully:TestName=TC002_blankUserName ; TestResult=PASS<br>]]>
            </line>
          </reporter-output>
        </test-method> <!-- TC002_blankUserName -->
        <test-method status="PASS" signature="TC001_blankUserNamePassword()[pri:0, instance:com.OrangeCrm.automation.testCases.LoginTest@f6c48ac]" name="TC001_blankUserNamePassword" duration-ms="6965" started-at="2020-04-12T20:04:51Z" finished-at="2020-04-12T20:04:58Z">
          <reporter-output>
            <line>
              <![CDATA[P Navigated to https://opensource-demo.orangehrmlive.com/ <br>]]>
            </line>
            <line>
              <![CDATA[P LoginPage has been successfully loaded <br>]]>
            </line>
            <line>
              <![CDATA[P Clicked on the element by locator: -> xpath: //input[@id='btnLogin']]<br>]]>
            </line>
            <line>
              <![CDATA[P Text Matched by locator:By.xpath: //span[@id='spanMessage']. Expected -Username cannot be empty, Actual -Username cannot be empty<br>]]>
            </line>
            <line>
              <![CDATA[P TestCase executed successfully:TestName=TC001_blankUserNamePassword ; TestResult=PASS<br>]]>
            </line>
          </reporter-output>
        </test-method> <!-- TC001_blankUserNamePassword -->
        <test-method status="PASS" signature="tearDown()[pri:0, instance:com.OrangeCrm.automation.testCases.LoginTest@f6c48ac]" name="tearDown" is-config="true" duration-ms="1010" started-at="2020-04-12T20:04:58Z" finished-at="2020-04-12T20:04:59Z">
          <reporter-output>
          </reporter-output>
        </test-method> <!-- tearDown -->
        <test-method status="PASS" signature="tearDown()[pri:0, instance:com.OrangeCrm.automation.testCases.LoginTest@f6c48ac]" name="tearDown" is-config="true" duration-ms="994" started-at="2020-04-12T20:04:58Z" finished-at="2020-04-12T20:04:59Z">
          <reporter-output>
          </reporter-output>
        </test-method> <!-- tearDown -->
        <test-method status="PASS" signature="initialization()[pri:0, instance:com.OrangeCrm.automation.testCases.LoginTest@f6c48ac]" name="initialization" is-config="true" duration-ms="4365" started-at="2020-04-12T20:04:59Z" finished-at="2020-04-12T20:05:03Z">
          <reporter-output>
          </reporter-output>
        </test-method> <!-- initialization -->
        <test-method status="PASS" signature="initialization()[pri:0, instance:com.OrangeCrm.automation.testCases.LoginTest@f6c48ac]" name="initialization" is-config="true" duration-ms="4220" started-at="2020-04-12T20:04:59Z" finished-at="2020-04-12T20:05:03Z">
          <reporter-output>
          </reporter-output>
        </test-method> <!-- initialization -->
        <test-method status="FAIL" signature="TC004_validLoginTest()[pri:0, instance:com.OrangeCrm.automation.testCases.LoginTest@f6c48ac]" name="TC004_validLoginTest" duration-ms="11169" started-at="2020-04-12T20:05:03Z" finished-at="2020-04-12T20:05:14Z">
          <exception class="org.openqa.selenium.NoSuchElementException">
            <message>
              <![CDATA[no such element: Unable to locate element: {"method":"xpath","selector":"//h1[text()='Dashboard']"}
  (Session info: chrome=80.0.3987.163)
For documentation on this error, please visit: http://seleniumhq.org/exceptions/no_such_element.html
Build info: version: '3.5.1', revision: '9c21bb67ef', time: '2017-08-17T15:26:08.955Z'
System info: host: 'USER-PC', ip: '192.168.171.1', os.name: 'Windows 7', os.arch: 'amd64', os.version: '6.1', java.version: '1.8.0_101'
Driver info: org.openqa.selenium.chrome.ChromeDriver
Capabilities [{networkConnectionEnabled=false, chrome={chromedriverVersion=79.0.3945.36 (3582db32b33893869b8c1339e8f4d9ed1816f143-refs/branch-heads/3945@{#614}), userDataDir=C:\Users\user\AppData\Local\Temp\scoped_dir6972_1720804394}, timeouts={implicit=0.0, pageLoad=300000.0, script=30000.0}, pageLoadStrategy=normal, unhandledPromptBehavior=dismiss and notify, strictFileInteractability=false, platform=ANY, proxy=Proxy(), goog:chromeOptions={debuggerAddress=localhost:17642}, acceptInsecureCerts=false, browserVersion=80.0.3987.163, browserName=chrome, javascriptEnabled=true, platformName=windows, setWindowRect=true}]
Session ID: 5ac3f1eee3f330f976f1acba8babd98d
*** Element info: {Using=xpath, value=//h1[text()='Dashboard']}]]>
            </message>
            <full-stacktrace>
              <![CDATA[org.openqa.selenium.NoSuchElementException: no such element: Unable to locate element: {"method":"xpath","selector":"//h1[text()='Dashboard']"}
  (Session info: chrome=80.0.3987.163)
For documentation on this error, please visit: http://seleniumhq.org/exceptions/no_such_element.html
Build info: version: '3.5.1', revision: '9c21bb67ef', time: '2017-08-17T15:26:08.955Z'
System info: host: 'USER-PC', ip: '192.168.171.1', os.name: 'Windows 7', os.arch: 'amd64', os.version: '6.1', java.version: '1.8.0_101'
Driver info: org.openqa.selenium.chrome.ChromeDriver
Capabilities [{networkConnectionEnabled=false, chrome={chromedriverVersion=79.0.3945.36 (3582db32b33893869b8c1339e8f4d9ed1816f143-refs/branch-heads/3945@{#614}), userDataDir=C:\Users\user\AppData\Local\Temp\scoped_dir6972_1720804394}, timeouts={implicit=0.0, pageLoad=300000.0, script=30000.0}, pageLoadStrategy=normal, unhandledPromptBehavior=dismiss and notify, strictFileInteractability=false, platform=ANY, proxy=Proxy(), goog:chromeOptions={debuggerAddress=localhost:17642}, acceptInsecureCerts=false, browserVersion=80.0.3987.163, browserName=chrome, javascriptEnabled=true, platformName=windows, setWindowRect=true}]
Session ID: 5ac3f1eee3f330f976f1acba8babd98d
*** Element info: {Using=xpath, value=//h1[text()='Dashboard']}
	at sun.reflect.NativeConstructorAccessorImpl.newInstance0(Native Method)
	at sun.reflect.NativeConstructorAccessorImpl.newInstance(Unknown Source)
	at sun.reflect.DelegatingConstructorAccessorImpl.newInstance(Unknown Source)
	at java.lang.reflect.Constructor.newInstance(Unknown Source)
	at org.openqa.selenium.remote.http.W3CHttpResponseCodec.createException(W3CHttpResponseCodec.java:185)
	at org.openqa.selenium.remote.http.W3CHttpResponseCodec.decode(W3CHttpResponseCodec.java:120)
	at org.openqa.selenium.remote.http.W3CHttpResponseCodec.decode(W3CHttpResponseCodec.java:49)
	at org.openqa.selenium.remote.HttpCommandExecutor.execute(HttpCommandExecutor.java:164)
	at org.openqa.selenium.remote.service.DriverCommandExecutor.execute(DriverCommandExecutor.java:82)
	at org.openqa.selenium.remote.RemoteWebDriver.execute(RemoteWebDriver.java:641)
	at org.openqa.selenium.remote.RemoteWebDriver.findElement(RemoteWebDriver.java:414)
	at org.openqa.selenium.remote.RemoteWebDriver.findElementByXPath(RemoteWebDriver.java:513)
	at org.openqa.selenium.By$ByXPath.findElement(By.java:361)
	at org.openqa.selenium.remote.RemoteWebDriver.findElement(RemoteWebDriver.java:406)
	at sun.reflect.GeneratedMethodAccessor3.invoke(Unknown Source)
	at sun.reflect.DelegatingMethodAccessorImpl.invoke(Unknown Source)
	at java.lang.reflect.Method.invoke(Unknown Source)
	at org.openqa.selenium.support.events.EventFiringWebDriver$2.invoke(EventFiringWebDriver.java:105)
	at com.sun.proxy.$Proxy8.findElement(Unknown Source)
	at org.openqa.selenium.support.events.EventFiringWebDriver.findElement(EventFiringWebDriver.java:189)
	at com.OrangeCrm.automation.webElement.customElements.concreteElements.CRMCustomWebElement.waitForVisible(CRMCustomWebElement.java:91)
	at com.OrangeCrm.automation.webElement.customElements.concreteElements.CRMWebPageElement$$EnhancerByCGLIB$$421af083.CGLIB$waitForVisible$7(<generated>)
	at com.OrangeCrm.automation.webElement.customElements.concreteElements.CRMWebPageElement$$EnhancerByCGLIB$$421af083$$FastClassByCGLIB$$94a122a8.invoke(<generated>)
	at net.sf.cglib.proxy.MethodProxy.invokeSuper(MethodProxy.java:228)
	at com.OrangeCrm.automation.webElement.customElementsDecorator.CustomElementLocator.intercept(CustomElementLocator.java:50)
	at com.OrangeCrm.automation.webElement.customElements.concreteElements.CRMWebPageElement$$EnhancerByCGLIB$$421af083.waitForVisible(<generated>)
	at com.OrangeCrm.automation.pages.WelcomePage.waitForPageToLoad(WelcomePage.java:44)
	at com.OrangeCrm.automation.testCases.LoginTest.TC004_validLoginTest(LoginTest.java:92)
	at sun.reflect.NativeMethodAccessorImpl.invoke0(Native Method)
	at sun.reflect.NativeMethodAccessorImpl.invoke(Unknown Source)
	at sun.reflect.DelegatingMethodAccessorImpl.invoke(Unknown Source)
	at java.lang.reflect.Method.invoke(Unknown Source)
	at org.testng.internal.MethodInvocationHelper.invokeMethod(MethodInvocationHelper.java:104)
	at org.testng.internal.Invoker.invokeMethod(Invoker.java:645)
	at org.testng.internal.Invoker.invokeTestMethod(Invoker.java:851)
	at org.testng.internal.Invoker.invokeTestMethods(Invoker.java:1177)
	at org.testng.internal.TestMethodWorker.invokeTestMethods(TestMethodWorker.java:129)
	at org.testng.internal.TestMethodWorker.run(TestMethodWorker.java:112)
	at java.util.concurrent.ThreadPoolExecutor.runWorker(Unknown Source)
	at java.util.concurrent.ThreadPoolExecutor$Worker.run(Unknown Source)
	at java.lang.Thread.run(Unknown Source)
]]>
            </full-stacktrace>
          </exception> <!-- org.openqa.selenium.NoSuchElementException -->
          <reporter-output>
            <line>
              <![CDATA[P Navigated to https://opensource-demo.orangehrmlive.com/ <br>]]>
            </line>
            <line>
              <![CDATA[P LoginPage has been successfully loaded <br>]]>
            </line>
            <line>
              <![CDATA[P Value Matched by locator:By.xpath: //input[@id='btnLogin']. Expected -LOGIN, Actual -LOGIN<br>]]>
            </line>
            <line>
              <![CDATA[P Clicked on the element by locator: -> xpath: //input[@id='btnLogin']]<br>]]>
            </line>
          </reporter-output>
        </test-method> <!-- TC004_validLoginTest -->
        <test-method status="PASS" signature="TC003_blankPassword()[pri:0, instance:com.OrangeCrm.automation.testCases.LoginTest@f6c48ac]" name="TC003_blankPassword" duration-ms="10274" started-at="2020-04-12T20:05:03Z" finished-at="2020-04-12T20:05:13Z">
          <reporter-output>
            <line>
              <![CDATA[P Navigated to https://opensource-demo.orangehrmlive.com/ <br>]]>
            </line>
            <line>
              <![CDATA[P LoginPage has been successfully loaded <br>]]>
            </line>
            <line>
              <![CDATA[P Clicked on the element by locator: -> xpath: //input[@id='btnLogin']]<br>]]>
            </line>
            <line>
              <![CDATA[F Text Mismatched by locator:By.xpath: //span[@id='spanMessage'].  Expected -Password cannot be empty, Actual -Username cannot be empty<br>]]>
            </line>
            <line>
              <![CDATA[P TestCase executed successfully:TestName=TC003_blankPassword ; TestResult=PASS<br>]]>
            </line>
          </reporter-output>
        </test-method> <!-- TC003_blankPassword -->
        <test-method status="PASS" signature="tearDown()[pri:0, instance:com.OrangeCrm.automation.testCases.LoginTest@f6c48ac]" name="tearDown" is-config="true" duration-ms="987" started-at="2020-04-12T20:05:13Z" finished-at="2020-04-12T20:05:14Z">
          <reporter-output>
          </reporter-output>
        </test-method> <!-- tearDown -->
        <test-method status="FAIL" signature="tearDown()[pri:0, instance:com.OrangeCrm.automation.testCases.LoginTest@f6c48ac]" name="tearDown" is-config="true" duration-ms="0" started-at="2020-04-12T20:05:14Z" finished-at="2020-04-12T20:05:14Z">
          <exception class="org.openqa.selenium.WebDriverException">
            <message>
              <![CDATA[org.apache.http.conn.HttpHostConnectException: Connect to localhost:5025 [localhost/127.0.0.1, localhost/0:0:0:0:0:0:0:1] failed: Connection refused: connect
Build info: version: '3.5.1', revision: '9c21bb67ef', time: '2017-08-17T15:26:08.955Z'
System info: host: 'USER-PC', ip: '192.168.171.1', os.name: 'Windows 7', os.arch: 'amd64', os.version: '6.1', java.version: '1.8.0_101'
Driver info: driver.version: EventFiringWebDriver]]>
            </message>
            <full-stacktrace>
              <![CDATA[org.openqa.selenium.WebDriverException: org.apache.http.conn.HttpHostConnectException: Connect to localhost:5025 [localhost/127.0.0.1, localhost/0:0:0:0:0:0:0:1] failed: Connection refused: connect
Build info: version: '3.5.1', revision: '9c21bb67ef', time: '2017-08-17T15:26:08.955Z'
System info: host: 'USER-PC', ip: '192.168.171.1', os.name: 'Windows 7', os.arch: 'amd64', os.version: '6.1', java.version: '1.8.0_101'
Driver info: driver.version: EventFiringWebDriver
	at org.openqa.selenium.remote.service.DriverCommandExecutor.execute(DriverCommandExecutor.java:91)
	at org.openqa.selenium.remote.RemoteWebDriver.execute(RemoteWebDriver.java:641)
	at org.openqa.selenium.remote.RemoteWebDriver.execute(RemoteWebDriver.java:698)
	at org.openqa.selenium.remote.RemoteWebDriver.quit(RemoteWebDriver.java:537)
	at sun.reflect.NativeMethodAccessorImpl.invoke0(Native Method)
	at sun.reflect.NativeMethodAccessorImpl.invoke(Unknown Source)
	at sun.reflect.DelegatingMethodAccessorImpl.invoke(Unknown Source)
	at java.lang.reflect.Method.invoke(Unknown Source)
	at org.openqa.selenium.support.events.EventFiringWebDriver$2.invoke(EventFiringWebDriver.java:105)
	at com.sun.proxy.$Proxy8.quit(Unknown Source)
	at org.openqa.selenium.support.events.EventFiringWebDriver.quit(EventFiringWebDriver.java:203)
	at com.OrangeCrm.automation.basePackage.TestBase.tearDown(TestBase.java:72)
	at sun.reflect.NativeMethodAccessorImpl.invoke0(Native Method)
	at sun.reflect.NativeMethodAccessorImpl.invoke(Unknown Source)
	at sun.reflect.DelegatingMethodAccessorImpl.invoke(Unknown Source)
	at java.lang.reflect.Method.invoke(Unknown Source)
	at org.testng.internal.MethodInvocationHelper.invokeMethod(MethodInvocationHelper.java:104)
	at org.testng.internal.Invoker.invokeConfigurationMethod(Invoker.java:515)
	at org.testng.internal.Invoker.invokeConfigurations(Invoker.java:217)
	at org.testng.internal.Invoker.invokeMethod(Invoker.java:712)
	at org.testng.internal.Invoker.invokeTestMethod(Invoker.java:851)
	at org.testng.internal.Invoker.invokeTestMethods(Invoker.java:1177)
	at org.testng.internal.TestMethodWorker.invokeTestMethods(TestMethodWorker.java:129)
	at org.testng.internal.TestMethodWorker.run(TestMethodWorker.java:112)
	at java.util.concurrent.ThreadPoolExecutor.runWorker(Unknown Source)
	at java.util.concurrent.ThreadPoolExecutor$Worker.run(Unknown Source)
	at java.lang.Thread.run(Unknown Source)
Caused by: org.apache.http.conn.HttpHostConnectException: Connect to localhost:5025 [localhost/127.0.0.1, localhost/0:0:0:0:0:0:0:1] failed: Connection refused: connect
	at org.apache.http.impl.conn.DefaultHttpClientConnectionOperator.connect(DefaultHttpClientConnectionOperator.java:159)
	at org.apache.http.impl.conn.PoolingHttpClientConnectionManager.connect(PoolingHttpClientConnectionManager.java:359)
	at org.apache.http.impl.execchain.MainClientExec.establishRoute(MainClientExec.java:381)
	at org.apache.http.impl.execchain.MainClientExec.execute(MainClientExec.java:237)
	at org.apache.http.impl.execchain.ProtocolExec.execute(ProtocolExec.java:185)
	at org.apache.http.impl.execchain.RetryExec.execute(RetryExec.java:89)
	at org.apache.http.impl.execchain.RedirectExec.execute(RedirectExec.java:111)
	at org.apache.http.impl.client.InternalHttpClient.doExecute(InternalHttpClient.java:185)
	at org.apache.http.impl.client.CloseableHttpClient.execute(CloseableHttpClient.java:72)
	at org.apache.http.impl.client.CloseableHttpClient.execute(CloseableHttpClient.java:56)
	at org.openqa.selenium.remote.internal.ApacheHttpClient.fallBackExecute(ApacheHttpClient.java:139)
	at org.openqa.selenium.remote.internal.ApacheHttpClient.execute(ApacheHttpClient.java:87)
	at org.openqa.selenium.remote.HttpCommandExecutor.execute(HttpCommandExecutor.java:161)
	at org.openqa.selenium.remote.service.DriverCommandExecutor.execute(DriverCommandExecutor.java:82)
	... 26 more
Caused by: java.net.ConnectException: Connection refused: connect
	at java.net.DualStackPlainSocketImpl.waitForConnect(Native Method)
	at java.net.DualStackPlainSocketImpl.socketConnect(Unknown Source)
	at java.net.AbstractPlainSocketImpl.doConnect(Unknown Source)
	at java.net.AbstractPlainSocketImpl.connectToAddress(Unknown Source)
	at java.net.AbstractPlainSocketImpl.connect(Unknown Source)
	at java.net.PlainSocketImpl.connect(Unknown Source)
	at java.net.SocksSocketImpl.connect(Unknown Source)
	at java.net.Socket.connect(Unknown Source)
	at org.apache.http.conn.socket.PlainConnectionSocketFactory.connectSocket(PlainConnectionSocketFactory.java:75)
	at org.apache.http.impl.conn.DefaultHttpClientConnectionOperator.connect(DefaultHttpClientConnectionOperator.java:142)
	... 39 more
]]>
            </full-stacktrace>
          </exception> <!-- org.openqa.selenium.WebDriverException -->
          <reporter-output>
          </reporter-output>
        </test-method> <!-- tearDown -->
        <test-method status="PASS" signature="initialization()[pri:0, instance:com.OrangeCrm.automation.testCases.LoginTest@f6c48ac]" name="initialization" is-config="true" duration-ms="6969" started-at="2020-04-12T20:05:14Z" finished-at="2020-04-12T20:05:21Z">
          <reporter-output>
          </reporter-output>
        </test-method> <!-- initialization -->
        <test-method status="SKIP" signature="TC005_validateMultiLogin()[pri:0, instance:com.OrangeCrm.automation.testCases.LoginTest@f6c48ac]" name="TC005_validateMultiLogin" duration-ms="3" started-at="2020-04-12T20:05:21Z" finished-at="2020-04-12T20:05:21Z">
          <exception class="org.openqa.selenium.WebDriverException">
            <message>
              <![CDATA[org.apache.http.conn.HttpHostConnectException: Connect to localhost:5025 [localhost/127.0.0.1, localhost/0:0:0:0:0:0:0:1] failed: Connection refused: connect
Build info: version: '3.5.1', revision: '9c21bb67ef', time: '2017-08-17T15:26:08.955Z'
System info: host: 'USER-PC', ip: '192.168.171.1', os.name: 'Windows 7', os.arch: 'amd64', os.version: '6.1', java.version: '1.8.0_101'
Driver info: driver.version: EventFiringWebDriver]]>
            </message>
            <full-stacktrace>
              <![CDATA[org.openqa.selenium.WebDriverException: org.apache.http.conn.HttpHostConnectException: Connect to localhost:5025 [localhost/127.0.0.1, localhost/0:0:0:0:0:0:0:1] failed: Connection refused: connect
Build info: version: '3.5.1', revision: '9c21bb67ef', time: '2017-08-17T15:26:08.955Z'
System info: host: 'USER-PC', ip: '192.168.171.1', os.name: 'Windows 7', os.arch: 'amd64', os.version: '6.1', java.version: '1.8.0_101'
Driver info: driver.version: EventFiringWebDriver
	at org.openqa.selenium.remote.service.DriverCommandExecutor.execute(DriverCommandExecutor.java:91)
	at org.openqa.selenium.remote.RemoteWebDriver.execute(RemoteWebDriver.java:641)
	at org.openqa.selenium.remote.RemoteWebDriver.execute(RemoteWebDriver.java:698)
	at org.openqa.selenium.remote.RemoteWebDriver.quit(RemoteWebDriver.java:537)
	at sun.reflect.NativeMethodAccessorImpl.invoke0(Native Method)
	at sun.reflect.NativeMethodAccessorImpl.invoke(Unknown Source)
	at sun.reflect.DelegatingMethodAccessorImpl.invoke(Unknown Source)
	at java.lang.reflect.Method.invoke(Unknown Source)
	at org.openqa.selenium.support.events.EventFiringWebDriver$2.invoke(EventFiringWebDriver.java:105)
	at com.sun.proxy.$Proxy8.quit(Unknown Source)
	at org.openqa.selenium.support.events.EventFiringWebDriver.quit(EventFiringWebDriver.java:203)
	at com.OrangeCrm.automation.basePackage.TestBase.tearDown(TestBase.java:72)
	at sun.reflect.NativeMethodAccessorImpl.invoke0(Native Method)
	at sun.reflect.NativeMethodAccessorImpl.invoke(Unknown Source)
	at sun.reflect.DelegatingMethodAccessorImpl.invoke(Unknown Source)
	at java.lang.reflect.Method.invoke(Unknown Source)
	at org.testng.internal.MethodInvocationHelper.invokeMethod(MethodInvocationHelper.java:104)
	at org.testng.internal.Invoker.invokeConfigurationMethod(Invoker.java:515)
	at org.testng.internal.Invoker.invokeConfigurations(Invoker.java:217)
	at org.testng.internal.Invoker.invokeMethod(Invoker.java:712)
	at org.testng.internal.Invoker.invokeTestMethod(Invoker.java:851)
	at org.testng.internal.Invoker.invokeTestMethods(Invoker.java:1177)
	at org.testng.internal.TestMethodWorker.invokeTestMethods(TestMethodWorker.java:129)
	at org.testng.internal.TestMethodWorker.run(TestMethodWorker.java:112)
	at java.util.concurrent.ThreadPoolExecutor.runWorker(Unknown Source)
	at java.util.concurrent.ThreadPoolExecutor$Worker.run(Unknown Source)
	at java.lang.Thread.run(Unknown Source)
Caused by: org.apache.http.conn.HttpHostConnectException: Connect to localhost:5025 [localhost/127.0.0.1, localhost/0:0:0:0:0:0:0:1] failed: Connection refused: connect
	at org.apache.http.impl.conn.DefaultHttpClientConnectionOperator.connect(DefaultHttpClientConnectionOperator.java:159)
	at org.apache.http.impl.conn.PoolingHttpClientConnectionManager.connect(PoolingHttpClientConnectionManager.java:359)
	at org.apache.http.impl.execchain.MainClientExec.establishRoute(MainClientExec.java:381)
	at org.apache.http.impl.execchain.MainClientExec.execute(MainClientExec.java:237)
	at org.apache.http.impl.execchain.ProtocolExec.execute(ProtocolExec.java:185)
	at org.apache.http.impl.execchain.RetryExec.execute(RetryExec.java:89)
	at org.apache.http.impl.execchain.RedirectExec.execute(RedirectExec.java:111)
	at org.apache.http.impl.client.InternalHttpClient.doExecute(InternalHttpClient.java:185)
	at org.apache.http.impl.client.CloseableHttpClient.execute(CloseableHttpClient.java:72)
	at org.apache.http.impl.client.CloseableHttpClient.execute(CloseableHttpClient.java:56)
	at org.openqa.selenium.remote.internal.ApacheHttpClient.fallBackExecute(ApacheHttpClient.java:139)
	at org.openqa.selenium.remote.internal.ApacheHttpClient.execute(ApacheHttpClient.java:87)
	at org.openqa.selenium.remote.HttpCommandExecutor.execute(HttpCommandExecutor.java:161)
	at org.openqa.selenium.remote.service.DriverCommandExecutor.execute(DriverCommandExecutor.java:82)
	... 26 more
Caused by: java.net.ConnectException: Connection refused: connect
	at java.net.DualStackPlainSocketImpl.waitForConnect(Native Method)
	at java.net.DualStackPlainSocketImpl.socketConnect(Unknown Source)
	at java.net.AbstractPlainSocketImpl.doConnect(Unknown Source)
	at java.net.AbstractPlainSocketImpl.connectToAddress(Unknown Source)
	at java.net.AbstractPlainSocketImpl.connect(Unknown Source)
	at java.net.PlainSocketImpl.connect(Unknown Source)
	at java.net.SocksSocketImpl.connect(Unknown Source)
	at java.net.Socket.connect(Unknown Source)
	at org.apache.http.conn.socket.PlainConnectionSocketFactory.connectSocket(PlainConnectionSocketFactory.java:75)
	at org.apache.http.impl.conn.DefaultHttpClientConnectionOperator.connect(DefaultHttpClientConnectionOperator.java:142)
	... 39 more
]]>
            </full-stacktrace>
          </exception> <!-- org.openqa.selenium.WebDriverException -->
          <reporter-output>
          </reporter-output>
        </test-method> <!-- TC005_validateMultiLogin -->
        <test-method status="SKIP" signature="tearDown()[pri:0, instance:com.OrangeCrm.automation.testCases.LoginTest@f6c48ac]" name="tearDown" is-config="true" duration-ms="0" started-at="2020-04-12T20:05:21Z" finished-at="2020-04-12T20:05:21Z">
          <reporter-output>
          </reporter-output>
        </test-method> <!-- tearDown -->
      </class> <!-- com.OrangeCrm.automation.testCases.LoginTest -->
    </test> <!-- Test -->
  </suite> <!-- Suite -->
</testng-results>
